<?xml version="1.0" encoding="UTF-8"?>
<!-- Generated by org.testng.reporters.JUnitReportReporter -->
<testsuite hostname="DESKTOP-R9PATUM" failures="0" tests="1" name="FrameDesingSample.ClickTask" time="7.758" errors="0" timestamp="2023-01-30T22:06:50 IST" skipped="0">
  <testcase classname="FrameDesingSample.ClickTask" name="createTask" time="7.758"/>
  <system-out/>
</testsuite> <!-- FrameDesingSample.ClickTask -->
