<?xml version="1.0" encoding="UTF-8"?>
<!-- Generated by org.testng.reporters.JUnitReportReporter -->
<testsuite hostname="DESKTOP-R9PATUM" failures="0" tests="6" name="demoTestNg.DemoTestNgFrameWork" time="0.013" errors="0" timestamp="2023-01-29T14:51:46 IST" skipped="0">
  <testcase classname="demoTestNg.DemoTestNgFrameWork" name="deleteUser2" time="0.007"/>
  <system-out/>
  <testcase classname="demoTestNg.DemoTestNgFrameWork" name="createUserAcc1" time="0.002"/>
  <system-out/>
  <testcase classname="demoTestNg.DemoTestNgFrameWork" name="modifiedUser2" time="0.002"/>
  <system-out/>
  <testcase classname="demoTestNg.DemoTestNgFrameWork" name="createUserAcc" time="0.001"/>
  <system-out/>
  <testcase classname="demoTestNg.DemoTestNgFrameWork" name="modifiedUser" time="0.001"/>
  <system-out/>
  <testcase classname="demoTestNg.DemoTestNgFrameWork" name="deleteUser" time="0.000"/>
  <system-out/>
</testsuite> <!-- demoTestNg.DemoTestNgFrameWork -->
