<?xml version="1.0" encoding="UTF-8"?>
<!-- Generated by org.testng.reporters.JUnitReportReporter -->
<testsuite hostname="DESKTOP-R9PATUM" failures="0" tests="13" name="demoTestNg.Invocation_count" time="0.018" errors="0" timestamp="2023-01-29T15:11:27 IST" skipped="0">
  <testcase classname="demoTestNg.Invocation_count" name="createUser" time="0.001"/>
  <system-out/>
  <testcase classname="demoTestNg.Invocation_count" name="createUser" time="0.001"/>
  <system-out/>
  <testcase classname="demoTestNg.Invocation_count" name="createUser" time="0.001"/>
  <system-out/>
  <testcase classname="demoTestNg.Invocation_count" name="createUser" time="0.001"/>
  <system-out/>
  <testcase classname="demoTestNg.Invocation_count" name="createUser" time="0.001"/>
  <system-out/>
  <testcase classname="demoTestNg.Invocation_count" name="createUser" time="0.001"/>
  <system-out/>
  <testcase classname="demoTestNg.Invocation_count" name="createUser" time="0.001"/>
  <system-out/>
  <testcase classname="demoTestNg.Invocation_count" name="createUser" time="0.001"/>
  <system-out/>
  <testcase classname="demoTestNg.Invocation_count" name="createUser" time="0.006"/>
  <system-out/>
  <testcase classname="demoTestNg.Invocation_count" name="createUser" time="0.001"/>
  <system-out/>
  <testcase classname="demoTestNg.Invocation_count" name="modifiedUser" time="0.001"/>
  <system-out/>
  <testcase classname="demoTestNg.Invocation_count" name="searchUser" time="0.001"/>
  <system-out/>
  <testcase classname="demoTestNg.Invocation_count" name="deleteUser" time="0.001"/>
  <system-out/>
</testsuite> <!-- demoTestNg.Invocation_count -->
