<?xml version="1.0" encoding="UTF-8"?>
<!-- Generated by org.testng.reporters.JUnitReportReporter -->
<testsuite hostname="DESKTOP-R9PATUM" failures="0" tests="3" name="prepairedataDrivenFramWork.Depens_ON" time="0.008" errors="0" timestamp="2023-01-29T16:32:51 IST" skipped="1">
  <testcase classname="prepairedataDrivenFramWork.Depens_ON" name="chechkBalance" time="0.006"/>
  <system-out/>
  <testcase classname="prepairedataDrivenFramWork.Depens_ON" name="withDraw" time="0.002"/>
  <system-out/>
  <testcase classname="prepairedataDrivenFramWork.Depens_ON" name="moneyDeposite">
    <skipped/>
  </testcase> <!-- moneyDeposite -->
  <system-out/>
</testsuite> <!-- prepairedataDrivenFramWork.Depens_ON -->
