<?xml version="1.0" encoding="UTF-8"?>
<!-- Generated by org.testng.reporters.JUnitReportReporter -->
<testsuite hostname="DESKTOP-R9PATUM" failures="0" tests="1" name="FrameDesingSample.ClickOnReport" time="10.007" errors="0" timestamp="2023-01-31T21:55:45 IST" skipped="0">
  <testcase classname="FrameDesingSample.ClickOnReport" name="createReport" time="10.007"/>
  <system-out/>
</testsuite> <!-- FrameDesingSample.ClickOnReport -->
